[ 2014-02-18T20:37:13+08:00 ] 127.0.0.1 /betterlink/admin.php
INFO: [ app_begin ] --START--
INFO: Run ReadHtmlCache Behavior [ RunTime:0.007822s ]
INFO: [ app_begin ] --END-- [ RunTime:0.008014s ]
INFO: [ view_template ] --START--
INFO: Run LocationTemplate Behavior [ RunTime:0.010435s ]
INFO: [ view_template ] --END-- [ RunTime:0.010610s ]
INFO: [ view_parse ] --START--
INFO: Run ParseTemplate Behavior [ RunTime:0.073492s ]
INFO: [ view_parse ] --END-- [ RunTime:0.073656s ]
INFO: [ view_filter ] --START--
INFO: Run ContentReplace Behavior [ RunTime:0.005570s ]
INFO: Run TokenBuild Behavior [ RunTime:0.005216s ]
INFO: Run WriteHtmlCache Behavior [ RunTime:0.004899s ]
INFO: Run ShowRuntime Behavior [ RunTime:0.007480s ]
INFO: [ view_filter ] --END-- [ RunTime:0.023550s ]
INFO: [ view_end ] --START--
INFO: Run ShowPageTrace Behavior [ RunTime:0.005978s ]
INFO: [ view_end ] --END-- [ RunTime:0.006122s ]

[ 2014-02-18T20:44:23+08:00 ] 127.0.0.1 /betterlink/admin.php
INFO: [ app_begin ] --START--
INFO: Run ReadHtmlCache Behavior [ RunTime:0.013074s ]
INFO: [ app_begin ] --END-- [ RunTime:0.013288s ]
INFO: [ view_template ] --START--
INFO: Run LocationTemplate Behavior [ RunTime:0.007917s ]
INFO: [ view_template ] --END-- [ RunTime:0.008097s ]
INFO: [ view_parse ] --START--
INFO: Run ParseTemplate Behavior [ RunTime:0.146231s ]
INFO: [ view_parse ] --END-- [ RunTime:0.146442s ]
INFO: [ view_filter ] --START--
INFO: Run ContentReplace Behavior [ RunTime:0.005148s ]
INFO: Run TokenBuild Behavior [ RunTime:0.009220s ]
INFO: Run WriteHtmlCache Behavior [ RunTime:0.011138s ]
INFO: Run ShowRuntime Behavior [ RunTime:0.003503s ]
INFO: [ view_filter ] --END-- [ RunTime:0.029571s ]
INFO: [ view_end ] --START--
INFO: Run ShowPageTrace Behavior [ RunTime:0.003683s ]
INFO: [ view_end ] --END-- [ RunTime:0.003817s ]

[ 2014-02-18T20:44:47+08:00 ] 127.0.0.1 /betterlink/admin.php
INFO: [ app_begin ] --START--
INFO: Run ReadHtmlCache Behavior [ RunTime:0.007416s ]
INFO: [ app_begin ] --END-- [ RunTime:0.009081s ]
INFO: [ view_template ] --START--
INFO: Run LocationTemplate Behavior [ RunTime:0.010578s ]
INFO: [ view_template ] --END-- [ RunTime:0.010778s ]
INFO: [ view_parse ] --START--
INFO: Run ParseTemplate Behavior [ RunTime:0.079198s ]
INFO: [ view_parse ] --END-- [ RunTime:0.079370s ]
INFO: [ view_filter ] --START--
INFO: Run ContentReplace Behavior [ RunTime:0.005355s ]
INFO: Run TokenBuild Behavior [ RunTime:0.004775s ]
INFO: Run WriteHtmlCache Behavior [ RunTime:0.004637s ]
INFO: Run ShowRuntime Behavior [ RunTime:0.004385s ]
INFO: [ view_filter ] --END-- [ RunTime:0.019544s ]
INFO: [ view_end ] --START--
INFO: Run ShowPageTrace Behavior [ RunTime:0.003617s ]
INFO: [ view_end ] --END-- [ RunTime:0.003751s ]

[ 2014-02-18T20:45:01+08:00 ] 127.0.0.1 /betterlink/admin.php/User/login
INFO: [ route_check ] --START--
INFO: Run CheckRoute Behavior [ RunTime:0.031593s ]
INFO: [ route_check ] --END-- [ RunTime:0.031802s ]
INFO: [ app_begin ] --START--
INFO: Run ReadHtmlCache Behavior [ RunTime:0.004136s ]
INFO: [ app_begin ] --END-- [ RunTime:0.004286s ]
INFO: [ view_template ] --START--
INFO: Run LocationTemplate Behavior [ RunTime:0.010279s ]
INFO: [ view_template ] --END-- [ RunTime:0.010483s ]
INFO: [ view_parse ] --START--
INFO: Run ParseTemplate Behavior [ RunTime:0.047850s ]
INFO: [ view_parse ] --END-- [ RunTime:0.048081s ]
INFO: [ view_filter ] --START--
INFO: Run ContentReplace Behavior [ RunTime:0.004328s ]
INFO: Run TokenBuild Behavior [ RunTime:0.003644s ]
INFO: Run WriteHtmlCache Behavior [ RunTime:0.003273s ]
INFO: Run ShowRuntime Behavior [ RunTime:0.004070s ]
INFO: [ view_filter ] --END-- [ RunTime:0.015937s ]
INFO: [ view_end ] --START--
INFO: Run ShowPageTrace Behavior [ RunTime:0.008255s ]
INFO: [ view_end ] --END-- [ RunTime:0.008413s ]

[ 2014-02-18T20:45:01+08:00 ] 127.0.0.1 /betterlink/admin.php/Login/verify/
INFO: [ route_check ] --START--
INFO: Run CheckRoute Behavior [ RunTime:0.004736s ]
INFO: [ route_check ] --END-- [ RunTime:0.004942s ]
INFO: [ app_begin ] --START--
INFO: Run ReadHtmlCache Behavior [ RunTime:0.003983s ]
INFO: [ app_begin ] --END-- [ RunTime:0.004157s ]
ERR: 无法加载模块:Login

[ 2014-02-18T20:47:01+08:00 ] 127.0.0.1 /betterlink/admin.php/User/login
INFO: [ route_check ] --START--
INFO: Run CheckRoute Behavior [ RunTime:0.016226s ]
INFO: [ route_check ] --END-- [ RunTime:0.016423s ]
INFO: [ app_begin ] --START--
INFO: Run ReadHtmlCache Behavior [ RunTime:0.004134s ]
INFO: [ app_begin ] --END-- [ RunTime:0.004299s ]
INFO: [ view_template ] --START--
INFO: Run LocationTemplate Behavior [ RunTime:0.008453s ]
INFO: [ view_template ] --END-- [ RunTime:0.008642s ]
INFO: [ view_parse ] --START--
INFO: Run ParseTemplate Behavior [ RunTime:0.054289s ]
INFO: [ view_parse ] --END-- [ RunTime:0.054458s ]
INFO: [ view_filter ] --START--
INFO: Run ContentReplace Behavior [ RunTime:0.003180s ]
INFO: Run TokenBuild Behavior [ RunTime:0.007498s ]
INFO: Run WriteHtmlCache Behavior [ RunTime:0.003293s ]
INFO: Run ShowRuntime Behavior [ RunTime:0.005173s ]
INFO: [ view_filter ] --END-- [ RunTime:0.019551s ]
INFO: [ view_end ] --START--
INFO: Run ShowPageTrace Behavior [ RunTime:0.004167s ]
INFO: [ view_end ] --END-- [ RunTime:0.004302s ]

[ 2014-02-18T20:47:02+08:00 ] 127.0.0.1 /betterlink/admin.php/Public/verify/
INFO: [ route_check ] --START--
INFO: Run CheckRoute Behavior [ RunTime:0.005090s ]
INFO: [ route_check ] --END-- [ RunTime:0.005327s ]
INFO: [ app_begin ] --START--
INFO: Run ReadHtmlCache Behavior [ RunTime:0.004934s ]
INFO: [ app_begin ] --END-- [ RunTime:0.005175s ]

[ 2014-02-18T20:47:04+08:00 ] 127.0.0.1 /betterlink/admin.php/User/login
INFO: [ route_check ] --START--
INFO: Run CheckRoute Behavior [ RunTime:0.007997s ]
INFO: [ route_check ] --END-- [ RunTime:0.008210s ]
INFO: [ app_begin ] --START--
INFO: Run ReadHtmlCache Behavior [ RunTime:0.011950s ]
INFO: [ app_begin ] --END-- [ RunTime:0.012132s ]
INFO: [ view_template ] --START--
INFO: Run LocationTemplate Behavior [ RunTime:0.011150s ]
INFO: [ view_template ] --END-- [ RunTime:0.011360s ]
INFO: [ view_parse ] --START--
INFO: Run ParseTemplate Behavior [ RunTime:0.066693s ]
INFO: [ view_parse ] --END-- [ RunTime:0.066925s ]
INFO: [ view_filter ] --START--
INFO: Run ContentReplace Behavior [ RunTime:0.003915s ]
INFO: Run TokenBuild Behavior [ RunTime:0.004778s ]
INFO: Run WriteHtmlCache Behavior [ RunTime:0.003223s ]
INFO: Run ShowRuntime Behavior [ RunTime:0.007533s ]
INFO: [ view_filter ] --END-- [ RunTime:0.019885s ]
INFO: [ view_end ] --START--
INFO: Run ShowPageTrace Behavior [ RunTime:0.003789s ]
INFO: [ view_end ] --END-- [ RunTime:0.003928s ]

[ 2014-02-18T20:47:05+08:00 ] 127.0.0.1 /betterlink/admin.php/Public/verify/
INFO: [ route_check ] --START--
INFO: Run CheckRoute Behavior [ RunTime:0.005900s ]
INFO: [ route_check ] --END-- [ RunTime:0.006158s ]
INFO: [ app_begin ] --START--
INFO: Run ReadHtmlCache Behavior [ RunTime:0.005092s ]
INFO: [ app_begin ] --END-- [ RunTime:0.005332s ]

[ 2014-02-18T20:49:25+08:00 ] 127.0.0.1 /betterlink/admin.php/User/login
INFO: [ route_check ] --START--
INFO: Run CheckRoute Behavior [ RunTime:0.010545s ]
INFO: [ route_check ] --END-- [ RunTime:0.010760s ]
INFO: [ app_begin ] --START--
INFO: Run ReadHtmlCache Behavior [ RunTime:0.010538s ]
INFO: [ app_begin ] --END-- [ RunTime:0.010785s ]
INFO: [ view_template ] --START--
INFO: Run LocationTemplate Behavior [ RunTime:0.013315s ]
INFO: [ view_template ] --END-- [ RunTime:0.013526s ]
INFO: [ view_parse ] --START--
INFO: Run ParseTemplate Behavior [ RunTime:0.045622s ]
INFO: [ view_parse ] --END-- [ RunTime:0.045812s ]
INFO: [ view_filter ] --START--
INFO: Run ContentReplace Behavior [ RunTime:0.005187s ]
INFO: Run TokenBuild Behavior [ RunTime:0.005194s ]
INFO: Run WriteHtmlCache Behavior [ RunTime:0.004874s ]
INFO: Run ShowRuntime Behavior [ RunTime:0.005451s ]
INFO: [ view_filter ] --END-- [ RunTime:0.021182s ]
INFO: [ view_end ] --START--
INFO: Run ShowPageTrace Behavior [ RunTime:0.005645s ]
INFO: [ view_end ] --END-- [ RunTime:0.005802s ]

[ 2014-02-18T20:49:25+08:00 ] 127.0.0.1 /betterlink/admin.php/Public/verify/
INFO: [ route_check ] --START--
INFO: Run CheckRoute Behavior [ RunTime:0.006171s ]
INFO: [ route_check ] --END-- [ RunTime:0.006379s ]
INFO: [ app_begin ] --START--
INFO: Run ReadHtmlCache Behavior [ RunTime:0.005323s ]
INFO: [ app_begin ] --END-- [ RunTime:0.005487s ]

[ 2014-02-18T20:50:23+08:00 ] 127.0.0.1 /betterlink/admin.php/Public/verify/1392727823083
INFO: [ route_check ] --START--
INFO: Run CheckRoute Behavior [ RunTime:0.011035s ]
INFO: [ route_check ] --END-- [ RunTime:0.011228s ]
INFO: [ app_begin ] --START--
INFO: Run ReadHtmlCache Behavior [ RunTime:0.003407s ]
INFO: [ app_begin ] --END-- [ RunTime:0.003541s ]

[ 2014-02-18T20:50:24+08:00 ] 127.0.0.1 /betterlink/admin.php/Public/verify/1392727824559
INFO: [ route_check ] --START--
INFO: Run CheckRoute Behavior [ RunTime:0.005448s ]
INFO: [ route_check ] --END-- [ RunTime:0.005646s ]
INFO: [ app_begin ] --START--
INFO: Run ReadHtmlCache Behavior [ RunTime:0.007112s ]
INFO: [ app_begin ] --END-- [ RunTime:0.007273s ]

[ 2014-02-18T20:50:24+08:00 ] 127.0.0.1 /betterlink/admin.php/Public/verify/1392727824833
INFO: [ route_check ] --START--
INFO: Run CheckRoute Behavior [ RunTime:0.004076s ]
INFO: [ route_check ] --END-- [ RunTime:0.004257s ]
INFO: [ app_begin ] --START--
INFO: Run ReadHtmlCache Behavior [ RunTime:0.003438s ]
INFO: [ app_begin ] --END-- [ RunTime:0.003576s ]

[ 2014-02-18T20:51:19+08:00 ] 127.0.0.1 /betterlink/admin.php/User/login
INFO: [ route_check ] --START--
INFO: Run CheckRoute Behavior [ RunTime:0.004675s ]
INFO: [ route_check ] --END-- [ RunTime:0.004913s ]
INFO: [ app_begin ] --START--
INFO: Run ReadHtmlCache Behavior [ RunTime:0.004072s ]
INFO: [ app_begin ] --END-- [ RunTime:0.004276s ]
INFO: [ view_template ] --START--
INFO: Run LocationTemplate Behavior [ RunTime:0.010912s ]
INFO: [ view_template ] --END-- [ RunTime:0.011146s ]
INFO: [ view_parse ] --START--
INFO: Run ParseTemplate Behavior [ RunTime:0.052727s ]
INFO: [ view_parse ] --END-- [ RunTime:0.052902s ]
INFO: [ view_filter ] --START--
INFO: Run ContentReplace Behavior [ RunTime:0.003225s ]
INFO: Run TokenBuild Behavior [ RunTime:0.003165s ]
INFO: Run WriteHtmlCache Behavior [ RunTime:0.002834s ]
INFO: Run ShowRuntime Behavior [ RunTime:0.003331s ]
INFO: [ view_filter ] --END-- [ RunTime:0.012929s ]
INFO: [ view_end ] --START--
INFO: Run ShowPageTrace Behavior [ RunTime:0.003687s ]
INFO: [ view_end ] --END-- [ RunTime:0.003833s ]

[ 2014-02-18T20:51:19+08:00 ] 127.0.0.1 /betterlink/admin.php/Public/verify/
INFO: [ route_check ] --START--
INFO: Run CheckRoute Behavior [ RunTime:0.005947s ]
INFO: [ route_check ] --END-- [ RunTime:0.006213s ]
INFO: [ app_begin ] --START--
INFO: Run ReadHtmlCache Behavior [ RunTime:0.005187s ]
INFO: [ app_begin ] --END-- [ RunTime:0.005432s ]

[ 2014-02-18T20:51:21+08:00 ] 127.0.0.1 /betterlink/admin.php/Public/verify/1392727881436
INFO: [ route_check ] --START--
INFO: Run CheckRoute Behavior [ RunTime:0.004629s ]
INFO: [ route_check ] --END-- [ RunTime:0.004812s ]
INFO: [ app_begin ] --START--
INFO: Run ReadHtmlCache Behavior [ RunTime:0.008741s ]
INFO: [ app_begin ] --END-- [ RunTime:0.008916s ]

[ 2014-02-18T20:56:50+08:00 ] 127.0.0.1 /betterlink/admin.php/Public/verify/1392728210770
INFO: [ route_check ] --START--
INFO: Run CheckRoute Behavior [ RunTime:0.006723s ]
INFO: [ route_check ] --END-- [ RunTime:0.006916s ]
INFO: [ app_begin ] --START--
INFO: Run ReadHtmlCache Behavior [ RunTime:0.004169s ]
INFO: [ app_begin ] --END-- [ RunTime:0.004326s ]

[ 2014-02-18T21:00:46+08:00 ] 127.0.0.1 /betterlink/admin.php/User/login
INFO: [ route_check ] --START--
INFO: Run CheckRoute Behavior [ RunTime:0.010272s ]
INFO: [ route_check ] --END-- [ RunTime:0.010550s ]
INFO: [ app_begin ] --START--
INFO: Run ReadHtmlCache Behavior [ RunTime:0.004872s ]
INFO: [ app_begin ] --END-- [ RunTime:0.005052s ]
INFO: [ view_template ] --START--
INFO: Run LocationTemplate Behavior [ RunTime:0.013777s ]
INFO: [ view_template ] --END-- [ RunTime:0.014032s ]
INFO: [ view_parse ] --START--
INFO: Run ParseTemplate Behavior [ RunTime:0.040145s ]
INFO: [ view_parse ] --END-- [ RunTime:0.040393s ]
INFO: [ view_filter ] --START--
INFO: Run ContentReplace Behavior [ RunTime:0.003158s ]
INFO: Run TokenBuild Behavior [ RunTime:0.003154s ]
INFO: Run WriteHtmlCache Behavior [ RunTime:0.002960s ]
INFO: Run ShowRuntime Behavior [ RunTime:0.003274s ]
INFO: [ view_filter ] --END-- [ RunTime:0.012936s ]
INFO: [ view_end ] --START--
INFO: Run ShowPageTrace Behavior [ RunTime:0.003982s ]
INFO: [ view_end ] --END-- [ RunTime:0.004127s ]

[ 2014-02-18T21:00:46+08:00 ] 127.0.0.1 /betterlink/admin.php/Public/verify/
INFO: [ route_check ] --START--
INFO: Run CheckRoute Behavior [ RunTime:0.004299s ]
INFO: [ route_check ] --END-- [ RunTime:0.004493s ]
INFO: [ app_begin ] --START--
INFO: Run ReadHtmlCache Behavior [ RunTime:0.003843s ]
INFO: [ app_begin ] --END-- [ RunTime:0.004004s ]

[ 2014-02-18T21:01:43+08:00 ] 127.0.0.1 /betterlink/admin.php/Public/verify/1392728503539
INFO: [ route_check ] --START--
INFO: Run CheckRoute Behavior [ RunTime:0.007627s ]
INFO: [ route_check ] --END-- [ RunTime:0.007918s ]
INFO: [ app_begin ] --START--
INFO: Run ReadHtmlCache Behavior [ RunTime:0.004220s ]
INFO: [ app_begin ] --END-- [ RunTime:0.004380s ]

[ 2014-02-18T21:01:44+08:00 ] 127.0.0.1 /betterlink/admin.php/Public/verify/1392728504395
INFO: [ route_check ] --START--
INFO: Run CheckRoute Behavior [ RunTime:0.004857s ]
INFO: [ route_check ] --END-- [ RunTime:0.005045s ]
INFO: [ app_begin ] --START--
INFO: Run ReadHtmlCache Behavior [ RunTime:0.003803s ]
INFO: [ app_begin ] --END-- [ RunTime:0.003950s ]

[ 2014-02-18T21:01:45+08:00 ] 127.0.0.1 /betterlink/admin.php/Public/verify/1392728505042
INFO: [ route_check ] --START--
INFO: Run CheckRoute Behavior [ RunTime:0.005732s ]
INFO: [ route_check ] --END-- [ RunTime:0.005921s ]
INFO: [ app_begin ] --START--
INFO: Run ReadHtmlCache Behavior [ RunTime:0.004162s ]
INFO: [ app_begin ] --END-- [ RunTime:0.004320s ]

[ 2014-02-18T21:01:49+08:00 ] 127.0.0.1 /betterlink/admin.php/User/doLogin
INFO: [ route_check ] --START--
INFO: Run CheckRoute Behavior [ RunTime:0.008331s ]
INFO: [ route_check ] --END-- [ RunTime:0.008533s ]
INFO: [ app_begin ] --START--
INFO: Run ReadHtmlCache Behavior [ RunTime:0.005820s ]
INFO: [ app_begin ] --END-- [ RunTime:0.006068s ]

[ 2014-02-18T21:06:21+08:00 ] 127.0.0.1 /betterlink/admin.php/User/login
INFO: [ route_check ] --START--
INFO: Run CheckRoute Behavior [ RunTime:0.010960s ]
INFO: [ route_check ] --END-- [ RunTime:0.011169s ]
INFO: [ app_begin ] --START--
INFO: Run ReadHtmlCache Behavior [ RunTime:0.004588s ]
INFO: [ app_begin ] --END-- [ RunTime:0.004756s ]
INFO: [ view_template ] --START--
INFO: Run LocationTemplate Behavior [ RunTime:0.008206s ]
INFO: [ view_template ] --END-- [ RunTime:0.008404s ]
INFO: [ view_parse ] --START--
INFO: Run ParseTemplate Behavior [ RunTime:0.065677s ]
INFO: [ view_parse ] --END-- [ RunTime:0.065863s ]
INFO: [ view_filter ] --START--
INFO: Run ContentReplace Behavior [ RunTime:0.004679s ]
INFO: Run TokenBuild Behavior [ RunTime:0.004393s ]
INFO: Run WriteHtmlCache Behavior [ RunTime:0.006344s ]
INFO: Run ShowRuntime Behavior [ RunTime:0.011585s ]
INFO: [ view_filter ] --END-- [ RunTime:0.027470s ]
INFO: [ view_end ] --START--
INFO: Run ShowPageTrace Behavior [ RunTime:0.004552s ]
INFO: [ view_end ] --END-- [ RunTime:0.004752s ]

[ 2014-02-18T21:06:21+08:00 ] 127.0.0.1 /betterlink/admin.php/Public/verify/
INFO: [ route_check ] --START--
INFO: Run CheckRoute Behavior [ RunTime:0.004056s ]
INFO: [ route_check ] --END-- [ RunTime:0.004427s ]
INFO: [ app_begin ] --START--
INFO: Run ReadHtmlCache Behavior [ RunTime:0.003683s ]
INFO: [ app_begin ] --END-- [ RunTime:0.003839s ]

[ 2014-02-18T21:06:23+08:00 ] 127.0.0.1 /betterlink/admin.php/Public/verify/1392728783124
INFO: [ route_check ] --START--
INFO: Run CheckRoute Behavior [ RunTime:0.006891s ]
INFO: [ route_check ] --END-- [ RunTime:0.007094s ]
INFO: [ app_begin ] --START--
INFO: Run ReadHtmlCache Behavior [ RunTime:0.004465s ]
INFO: [ app_begin ] --END-- [ RunTime:0.004635s ]

[ 2014-02-18T21:06:23+08:00 ] 127.0.0.1 /betterlink/admin.php/Public/verify/1392728783714
INFO: [ route_check ] --START--
INFO: Run CheckRoute Behavior [ RunTime:0.005046s ]
INFO: [ route_check ] --END-- [ RunTime:0.005239s ]
INFO: [ app_begin ] --START--
INFO: Run ReadHtmlCache Behavior [ RunTime:0.003960s ]
INFO: [ app_begin ] --END-- [ RunTime:0.004118s ]

[ 2014-02-18T21:12:03+08:00 ] 127.0.0.1 /betterlink/admin.php/User/login
INFO: [ route_check ] --START--
INFO: Run CheckRoute Behavior [ RunTime:0.010911s ]
INFO: [ route_check ] --END-- [ RunTime:0.013503s ]
INFO: [ app_begin ] --START--
INFO: Run ReadHtmlCache Behavior [ RunTime:0.016559s ]
INFO: [ app_begin ] --END-- [ RunTime:0.016749s ]
INFO: [ view_template ] --START--
INFO: Run LocationTemplate Behavior [ RunTime:0.012945s ]
INFO: [ view_template ] --END-- [ RunTime:0.013161s ]
INFO: [ view_parse ] --START--
INFO: Run ParseTemplate Behavior [ RunTime:0.049832s ]
INFO: [ view_parse ] --END-- [ RunTime:0.050005s ]
INFO: [ view_filter ] --START--
INFO: Run ContentReplace Behavior [ RunTime:0.003293s ]
INFO: Run TokenBuild Behavior [ RunTime:0.003148s ]
INFO: Run WriteHtmlCache Behavior [ RunTime:0.003089s ]
INFO: Run ShowRuntime Behavior [ RunTime:0.003405s ]
INFO: [ view_filter ] --END-- [ RunTime:0.013342s ]
INFO: [ view_end ] --START--
INFO: Run ShowPageTrace Behavior [ RunTime:0.003555s ]
INFO: [ view_end ] --END-- [ RunTime:0.003679s ]

[ 2014-02-18T21:12:03+08:00 ] 127.0.0.1 /betterlink/admin.php/Public/verify/
INFO: [ route_check ] --START--
INFO: Run CheckRoute Behavior [ RunTime:0.004075s ]
INFO: [ route_check ] --END-- [ RunTime:0.004259s ]
INFO: [ app_begin ] --START--
INFO: Run ReadHtmlCache Behavior [ RunTime:0.003507s ]
INFO: [ app_begin ] --END-- [ RunTime:0.003651s ]

[ 2014-02-18T21:12:14+08:00 ] 127.0.0.1 /betterlink/admin.php/User/doLogin
INFO: [ route_check ] --START--
INFO: Run CheckRoute Behavior [ RunTime:0.007782s ]
INFO: [ route_check ] --END-- [ RunTime:0.007985s ]
INFO: [ app_begin ] --START--
INFO: Run ReadHtmlCache Behavior [ RunTime:0.005577s ]
INFO: [ app_begin ] --END-- [ RunTime:0.005769s ]
INFO: [ view_template ] --START--
INFO: Run LocationTemplate Behavior [ RunTime:0.006791s ]
INFO: [ view_template ] --END-- [ RunTime:0.006976s ]
INFO: [ view_parse ] --START--
INFO: Run ParseTemplate Behavior [ RunTime:0.132265s ]
INFO: [ view_parse ] --END-- [ RunTime:0.132439s ]
INFO: [ view_filter ] --START--
INFO: Run ContentReplace Behavior [ RunTime:0.008032s ]
INFO: Run TokenBuild Behavior [ RunTime:0.005047s ]
INFO: Run WriteHtmlCache Behavior [ RunTime:0.004219s ]
INFO: Run ShowRuntime Behavior [ RunTime:0.009557s ]
INFO: [ view_filter ] --END-- [ RunTime:0.027261s ]
INFO: [ view_end ] --START--
INFO: Run ShowPageTrace Behavior [ RunTime:0.006083s ]
INFO: [ view_end ] --END-- [ RunTime:0.006212s ]

[ 2014-02-18T21:12:20+08:00 ] 127.0.0.1 /betterlink/admin.php/Public/verify/1392729140355
INFO: [ route_check ] --START--
INFO: Run CheckRoute Behavior [ RunTime:0.006057s ]
INFO: [ route_check ] --END-- [ RunTime:0.006242s ]
INFO: [ app_begin ] --START--
INFO: Run ReadHtmlCache Behavior [ RunTime:0.006032s ]
INFO: [ app_begin ] --END-- [ RunTime:0.006182s ]

[ 2014-02-18T21:12:31+08:00 ] 127.0.0.1 /betterlink/admin.php/User/doLogin
INFO: [ route_check ] --START--
INFO: Run CheckRoute Behavior [ RunTime:0.005476s ]
INFO: [ route_check ] --END-- [ RunTime:0.005679s ]
INFO: [ app_begin ] --START--
INFO: Run ReadHtmlCache Behavior [ RunTime:0.004273s ]
INFO: [ app_begin ] --END-- [ RunTime:0.004435s ]
INFO: [ view_template ] --START--
INFO: Run LocationTemplate Behavior [ RunTime:0.005856s ]
INFO: [ view_template ] --END-- [ RunTime:0.006155s ]
INFO: [ view_parse ] --START--
INFO: Run ParseTemplate Behavior [ RunTime:0.101534s ]
INFO: [ view_parse ] --END-- [ RunTime:0.101753s ]
INFO: [ view_filter ] --START--
INFO: Run ContentReplace Behavior [ RunTime:0.004707s ]
INFO: Run TokenBuild Behavior [ RunTime:0.003061s ]
INFO: Run WriteHtmlCache Behavior [ RunTime:0.002898s ]
INFO: Run ShowRuntime Behavior [ RunTime:0.002855s ]
INFO: [ view_filter ] --END-- [ RunTime:0.013914s ]
INFO: [ view_end ] --START--
INFO: Run ShowPageTrace Behavior [ RunTime:0.003512s ]
INFO: [ view_end ] --END-- [ RunTime:0.003631s ]

[ 2014-02-18T21:13:04+08:00 ] 127.0.0.1 /betterlink/admin.php/User/login
INFO: [ route_check ] --START--
INFO: Run CheckRoute Behavior [ RunTime:0.010912s ]
INFO: [ route_check ] --END-- [ RunTime:0.011121s ]
INFO: [ app_begin ] --START--
INFO: Run ReadHtmlCache Behavior [ RunTime:0.009024s ]
INFO: [ app_begin ] --END-- [ RunTime:0.009203s ]
INFO: [ view_template ] --START--
INFO: Run LocationTemplate Behavior [ RunTime:0.015467s ]
INFO: [ view_template ] --END-- [ RunTime:0.015671s ]
INFO: [ view_parse ] --START--
INFO: Run ParseTemplate Behavior [ RunTime:0.083726s ]
INFO: [ view_parse ] --END-- [ RunTime:0.087458s ]
INFO: [ view_filter ] --START--
INFO: Run ContentReplace Behavior [ RunTime:0.003477s ]
INFO: Run TokenBuild Behavior [ RunTime:0.003129s ]
INFO: Run WriteHtmlCache Behavior [ RunTime:0.002955s ]
INFO: Run ShowRuntime Behavior [ RunTime:0.003035s ]
INFO: [ view_filter ] --END-- [ RunTime:0.012970s ]
INFO: [ view_end ] --START--
INFO: Run ShowPageTrace Behavior [ RunTime:0.003629s ]
INFO: [ view_end ] --END-- [ RunTime:0.003762s ]

[ 2014-02-18T21:13:05+08:00 ] 127.0.0.1 /betterlink/admin.php/Public/verify/
INFO: [ route_check ] --START--
INFO: Run CheckRoute Behavior [ RunTime:0.004321s ]
INFO: [ route_check ] --END-- [ RunTime:0.004514s ]
INFO: [ app_begin ] --START--
INFO: Run ReadHtmlCache Behavior [ RunTime:0.003467s ]
INFO: [ app_begin ] --END-- [ RunTime:0.003613s ]

[ 2014-02-18T21:13:15+08:00 ] 127.0.0.1 /betterlink/admin.php/User/doLogin
INFO: [ route_check ] --START--
INFO: Run CheckRoute Behavior [ RunTime:0.005635s ]
INFO: [ route_check ] --END-- [ RunTime:0.005820s ]
INFO: [ app_begin ] --START--
INFO: Run ReadHtmlCache Behavior [ RunTime:0.005721s ]
INFO: [ app_begin ] --END-- [ RunTime:0.005883s ]
SQL: SHOW COLUMNS FROM `think_admin` [ RunTime:0.032233s ]
ERR: 1146:Table 'company.think_admin' doesn't exist
 [ SQL语句 ] : SHOW COLUMNS FROM `think_admin`
SQL: SELECT `id` FROM `think_admin` WHERE ( `user` = 'admin' ) AND ( `password` = '123456' ) LIMIT 1   [ RunTime:0.001645s ]
ERR: 1146:Table 'company.think_admin' doesn't exist
 [ SQL语句 ] : SELECT `id` FROM `think_admin` WHERE ( `user` = 'admin' ) AND ( `password` = '123456' ) LIMIT 1  
INFO: [ view_template ] --START--
INFO: Run LocationTemplate Behavior [ RunTime:0.006478s ]
INFO: [ view_template ] --END-- [ RunTime:0.006625s ]
INFO: [ view_parse ] --START--
INFO: Run ParseTemplate Behavior [ RunTime:0.041402s ]
INFO: [ view_parse ] --END-- [ RunTime:0.041576s ]
INFO: [ view_filter ] --START--
INFO: Run ContentReplace Behavior [ RunTime:0.005082s ]
INFO: Run TokenBuild Behavior [ RunTime:0.004611s ]
INFO: Run WriteHtmlCache Behavior [ RunTime:0.004288s ]
INFO: Run ShowRuntime Behavior [ RunTime:0.004253s ]
INFO: [ view_filter ] --END-- [ RunTime:0.018625s ]
INFO: [ view_end ] --START--
INFO: Run ShowPageTrace Behavior [ RunTime:0.005233s ]
INFO: [ view_end ] --END-- [ RunTime:0.005567s ]

[ 2014-02-18T21:15:14+08:00 ] 127.0.0.1 /betterlink/admin.php/User/login
INFO: [ route_check ] --START--
INFO: Run CheckRoute Behavior [ RunTime:0.014501s ]
INFO: [ route_check ] --END-- [ RunTime:0.014702s ]
INFO: [ app_begin ] --START--
INFO: Run ReadHtmlCache Behavior [ RunTime:0.004533s ]
INFO: [ app_begin ] --END-- [ RunTime:0.004711s ]
INFO: [ view_template ] --START--
INFO: Run LocationTemplate Behavior [ RunTime:0.010778s ]
INFO: [ view_template ] --END-- [ RunTime:0.010963s ]
INFO: [ view_parse ] --START--
INFO: Run ParseTemplate Behavior [ RunTime:0.057939s ]
INFO: [ view_parse ] --END-- [ RunTime:0.058262s ]
INFO: [ view_filter ] --START--
INFO: Run ContentReplace Behavior [ RunTime:0.012855s ]
INFO: Run TokenBuild Behavior [ RunTime:0.006583s ]
INFO: Run WriteHtmlCache Behavior [ RunTime:0.003045s ]
INFO: Run ShowRuntime Behavior [ RunTime:0.007450s ]
INFO: [ view_filter ] --END-- [ RunTime:0.030361s ]
INFO: [ view_end ] --START--
INFO: Run ShowPageTrace Behavior [ RunTime:0.005224s ]
INFO: [ view_end ] --END-- [ RunTime:0.005366s ]

[ 2014-02-18T21:15:15+08:00 ] 127.0.0.1 /betterlink/admin.php/Public/verify/
INFO: [ route_check ] --START--
INFO: Run CheckRoute Behavior [ RunTime:0.004235s ]
INFO: [ route_check ] --END-- [ RunTime:0.004423s ]
INFO: [ app_begin ] --START--
INFO: Run ReadHtmlCache Behavior [ RunTime:0.003761s ]
INFO: [ app_begin ] --END-- [ RunTime:0.003941s ]

[ 2014-02-18T21:15:24+08:00 ] 127.0.0.1 /betterlink/admin.php/User/doLogin
INFO: [ route_check ] --START--
INFO: Run CheckRoute Behavior [ RunTime:0.013848s ]
INFO: [ route_check ] --END-- [ RunTime:0.014063s ]
INFO: [ app_begin ] --START--
INFO: Run ReadHtmlCache Behavior [ RunTime:0.007135s ]
INFO: [ app_begin ] --END-- [ RunTime:0.007334s ]
SQL: SHOW COLUMNS FROM `think_admin` [ RunTime:0.019733s ]
ERR: 1146:Table 'company.think_admin' doesn't exist
 [ SQL语句 ] : SHOW COLUMNS FROM `think_admin`
SQL: SELECT `id` FROM `think_admin` WHERE ( `a_name` = 'admin' ) AND ( `a_password` = '123456' ) LIMIT 1   [ RunTime:0.001825s ]
ERR: 1146:Table 'company.think_admin' doesn't exist
 [ SQL语句 ] : SELECT `id` FROM `think_admin` WHERE ( `a_name` = 'admin' ) AND ( `a_password` = '123456' ) LIMIT 1  
INFO: [ view_template ] --START--
INFO: Run LocationTemplate Behavior [ RunTime:0.004832s ]
INFO: [ view_template ] --END-- [ RunTime:0.005003s ]
INFO: [ view_parse ] --START--
INFO: Run ParseTemplate Behavior [ RunTime:0.037588s ]
INFO: [ view_parse ] --END-- [ RunTime:0.037764s ]
INFO: [ view_filter ] --START--
INFO: Run ContentReplace Behavior [ RunTime:0.003196s ]
INFO: Run TokenBuild Behavior [ RunTime:0.003100s ]
INFO: Run WriteHtmlCache Behavior [ RunTime:0.003023s ]
INFO: Run ShowRuntime Behavior [ RunTime:0.003314s ]
INFO: [ view_filter ] --END-- [ RunTime:0.013026s ]
INFO: [ view_end ] --START--
INFO: Run ShowPageTrace Behavior [ RunTime:0.003488s ]
INFO: [ view_end ] --END-- [ RunTime:0.003604s ]

[ 2014-02-18T21:16:08+08:00 ] 127.0.0.1 /betterlink/admin.php/User/login
INFO: [ route_check ] --START--
INFO: Run CheckRoute Behavior [ RunTime:0.013832s ]
INFO: [ route_check ] --END-- [ RunTime:0.014046s ]
INFO: [ app_begin ] --START--
INFO: Run ReadHtmlCache Behavior [ RunTime:0.008569s ]
INFO: [ app_begin ] --END-- [ RunTime:0.008783s ]
INFO: [ view_template ] --START--
INFO: Run LocationTemplate Behavior [ RunTime:0.016792s ]
INFO: [ view_template ] --END-- [ RunTime:0.017002s ]
INFO: [ view_parse ] --START--
INFO: Run ParseTemplate Behavior [ RunTime:0.058730s ]
INFO: [ view_parse ] --END-- [ RunTime:0.058913s ]
INFO: [ view_filter ] --START--
INFO: Run ContentReplace Behavior [ RunTime:0.003670s ]
INFO: Run TokenBuild Behavior [ RunTime:0.003925s ]
INFO: Run WriteHtmlCache Behavior [ RunTime:0.003490s ]
INFO: Run ShowRuntime Behavior [ RunTime:0.003806s ]
INFO: [ view_filter ] --END-- [ RunTime:0.015430s ]
INFO: [ view_end ] --START--
INFO: Run ShowPageTrace Behavior [ RunTime:0.004391s ]
INFO: [ view_end ] --END-- [ RunTime:0.004552s ]

[ 2014-02-18T21:16:08+08:00 ] 127.0.0.1 /betterlink/admin.php/Public/verify/
INFO: [ route_check ] --START--
INFO: Run CheckRoute Behavior [ RunTime:0.004987s ]
INFO: [ route_check ] --END-- [ RunTime:0.005200s ]
INFO: [ app_begin ] --START--
INFO: Run ReadHtmlCache Behavior [ RunTime:0.003948s ]
INFO: [ app_begin ] --END-- [ RunTime:0.004113s ]

[ 2014-02-18T21:16:21+08:00 ] 127.0.0.1 /betterlink/admin.php/Public/verify/1392729381331
INFO: [ route_check ] --START--
INFO: Run CheckRoute Behavior [ RunTime:0.010174s ]
INFO: [ route_check ] --END-- [ RunTime:0.010373s ]
INFO: [ app_begin ] --START--
INFO: Run ReadHtmlCache Behavior [ RunTime:0.006538s ]
INFO: [ app_begin ] --END-- [ RunTime:0.006713s ]

[ 2014-02-18T21:16:27+08:00 ] 127.0.0.1 /betterlink/admin.php/User/doLogin
INFO: [ route_check ] --START--
INFO: Run CheckRoute Behavior [ RunTime:0.005651s ]
INFO: [ route_check ] --END-- [ RunTime:0.005829s ]
INFO: [ app_begin ] --START--
INFO: Run ReadHtmlCache Behavior [ RunTime:0.004724s ]
INFO: [ app_begin ] --END-- [ RunTime:0.004855s ]
SQL: SHOW COLUMNS FROM `think_admin` [ RunTime:0.018010s ]
ERR: 1146:Table 'company.think_admin' doesn't exist
 [ SQL语句 ] : SHOW COLUMNS FROM `think_admin`
SQL: SELECT `a_id` FROM `think_admin` WHERE ( `a_name` = 'admin' ) AND ( `a_password` = '123456' ) LIMIT 1   [ RunTime:0.001842s ]
ERR: 1146:Table 'company.think_admin' doesn't exist
 [ SQL语句 ] : SELECT `a_id` FROM `think_admin` WHERE ( `a_name` = 'admin' ) AND ( `a_password` = '123456' ) LIMIT 1  
INFO: [ view_template ] --START--
INFO: Run LocationTemplate Behavior [ RunTime:0.006133s ]
INFO: [ view_template ] --END-- [ RunTime:0.006266s ]
INFO: [ view_parse ] --START--
INFO: Run ParseTemplate Behavior [ RunTime:0.054034s ]
INFO: [ view_parse ] --END-- [ RunTime:0.054218s ]
INFO: [ view_filter ] --START--
INFO: Run ContentReplace Behavior [ RunTime:0.004697s ]
INFO: Run TokenBuild Behavior [ RunTime:0.004701s ]
INFO: Run WriteHtmlCache Behavior [ RunTime:0.004249s ]
INFO: Run ShowRuntime Behavior [ RunTime:0.005681s ]
INFO: [ view_filter ] --END-- [ RunTime:0.019703s ]
INFO: [ view_end ] --START--
INFO: Run ShowPageTrace Behavior [ RunTime:0.006545s ]
INFO: [ view_end ] --END-- [ RunTime:0.006911s ]

[ 2014-02-18T21:16:32+08:00 ] 127.0.0.1 /betterlink/admin.php/User/login
INFO: [ route_check ] --START--
INFO: Run CheckRoute Behavior [ RunTime:0.014613s ]
INFO: [ route_check ] --END-- [ RunTime:0.015006s ]
INFO: [ app_begin ] --START--
INFO: Run ReadHtmlCache Behavior [ RunTime:0.013007s ]
INFO: [ app_begin ] --END-- [ RunTime:0.013269s ]
INFO: [ view_template ] --START--
INFO: Run LocationTemplate Behavior [ RunTime:0.014423s ]
INFO: [ view_template ] --END-- [ RunTime:0.014634s ]
INFO: [ view_parse ] --START--
INFO: Run ParseTemplate Behavior [ RunTime:0.049578s ]
INFO: [ view_parse ] --END-- [ RunTime:0.049752s ]
INFO: [ view_filter ] --START--
INFO: Run ContentReplace Behavior [ RunTime:0.004386s ]
INFO: Run TokenBuild Behavior [ RunTime:0.004494s ]
INFO: Run WriteHtmlCache Behavior [ RunTime:0.004501s ]
INFO: Run ShowRuntime Behavior [ RunTime:0.004728s ]
INFO: [ view_filter ] --END-- [ RunTime:0.018559s ]
INFO: [ view_end ] --START--
INFO: Run ShowPageTrace Behavior [ RunTime:0.004904s ]
INFO: [ view_end ] --END-- [ RunTime:0.005040s ]

[ 2014-02-18T21:16:32+08:00 ] 127.0.0.1 /betterlink/admin.php/Public/verify/
INFO: [ route_check ] --START--
INFO: Run CheckRoute Behavior [ RunTime:0.005263s ]
INFO: [ route_check ] --END-- [ RunTime:0.005492s ]
INFO: [ app_begin ] --START--
INFO: Run ReadHtmlCache Behavior [ RunTime:0.004707s ]
INFO: [ app_begin ] --END-- [ RunTime:0.004856s ]

[ 2014-02-18T21:17:29+08:00 ] 127.0.0.1 /betterlink/admin.php/User/doLogin
INFO: [ route_check ] --START--
INFO: Run CheckRoute Behavior [ RunTime:0.007819s ]
INFO: [ route_check ] --END-- [ RunTime:0.009500s ]
INFO: [ app_begin ] --START--
INFO: Run ReadHtmlCache Behavior [ RunTime:0.004686s ]
INFO: [ app_begin ] --END-- [ RunTime:0.004871s ]

[ 2014-02-18T21:18:16+08:00 ] 127.0.0.1 /betterlink/admin.php/User/login
INFO: [ route_check ] --START--
INFO: Run CheckRoute Behavior [ RunTime:0.009072s ]
INFO: [ route_check ] --END-- [ RunTime:0.009271s ]
INFO: [ app_begin ] --START--
INFO: Run ReadHtmlCache Behavior [ RunTime:0.006123s ]
INFO: [ app_begin ] --END-- [ RunTime:0.007453s ]
INFO: [ view_template ] --START--
INFO: Run LocationTemplate Behavior [ RunTime:0.009659s ]
INFO: [ view_template ] --END-- [ RunTime:0.009839s ]
INFO: [ view_parse ] --START--
INFO: Run ParseTemplate Behavior [ RunTime:0.066364s ]
INFO: [ view_parse ] --END-- [ RunTime:0.066543s ]
INFO: [ view_filter ] --START--
INFO: Run ContentReplace Behavior [ RunTime:0.004484s ]
INFO: Run TokenBuild Behavior [ RunTime:0.005983s ]
INFO: Run WriteHtmlCache Behavior [ RunTime:0.004098s ]
INFO: Run ShowRuntime Behavior [ RunTime:0.004414s ]
INFO: [ view_filter ] --END-- [ RunTime:0.019390s ]
INFO: [ view_end ] --START--
INFO: Run ShowPageTrace Behavior [ RunTime:0.005785s ]
INFO: [ view_end ] --END-- [ RunTime:0.005939s ]

[ 2014-02-18T21:18:16+08:00 ] 127.0.0.1 /betterlink/admin.php/Public/verify/
INFO: [ route_check ] --START--
INFO: Run CheckRoute Behavior [ RunTime:0.005413s ]
INFO: [ route_check ] --END-- [ RunTime:0.005602s ]
INFO: [ app_begin ] --START--
INFO: Run ReadHtmlCache Behavior [ RunTime:0.004749s ]
INFO: [ app_begin ] --END-- [ RunTime:0.004907s ]

[ 2014-02-18T21:18:29+08:00 ] 127.0.0.1 /betterlink/admin.php/User/doLogin
INFO: [ route_check ] --START--
INFO: Run CheckRoute Behavior [ RunTime:0.007033s ]
INFO: [ route_check ] --END-- [ RunTime:0.007429s ]
INFO: [ app_begin ] --START--
INFO: Run ReadHtmlCache Behavior [ RunTime:0.006099s ]
INFO: [ app_begin ] --END-- [ RunTime:0.006272s ]

[ 2014-02-18T21:20:17+08:00 ] 127.0.0.1 /betterlink/admin.php/User/login
INFO: [ route_check ] --START--
INFO: Run CheckRoute Behavior [ RunTime:0.019890s ]
INFO: [ route_check ] --END-- [ RunTime:0.020135s ]
INFO: [ app_begin ] --START--
INFO: Run ReadHtmlCache Behavior [ RunTime:0.020894s ]
INFO: [ app_begin ] --END-- [ RunTime:0.021081s ]
INFO: [ view_template ] --START--
INFO: Run LocationTemplate Behavior [ RunTime:0.008243s ]
INFO: [ view_template ] --END-- [ RunTime:0.008431s ]
INFO: [ view_parse ] --START--
INFO: Run ParseTemplate Behavior [ RunTime:0.041055s ]
INFO: [ view_parse ] --END-- [ RunTime:0.041223s ]
INFO: [ view_filter ] --START--
INFO: Run ContentReplace Behavior [ RunTime:0.004497s ]
INFO: Run TokenBuild Behavior [ RunTime:0.004515s ]
INFO: Run WriteHtmlCache Behavior [ RunTime:0.004267s ]
INFO: Run ShowRuntime Behavior [ RunTime:0.004514s ]
INFO: [ view_filter ] --END-- [ RunTime:0.018190s ]
INFO: [ view_end ] --START--
INFO: Run ShowPageTrace Behavior [ RunTime:0.004789s ]
INFO: [ view_end ] --END-- [ RunTime:0.004915s ]

[ 2014-02-18T21:20:17+08:00 ] 127.0.0.1 /betterlink/admin.php/Public/verify/
INFO: [ route_check ] --START--
INFO: Run CheckRoute Behavior [ RunTime:0.007783s ]
INFO: [ route_check ] --END-- [ RunTime:0.008069s ]
INFO: [ app_begin ] --START--
INFO: Run ReadHtmlCache Behavior [ RunTime:0.007447s ]
INFO: [ app_begin ] --END-- [ RunTime:0.007718s ]

[ 2014-02-18T21:20:33+08:00 ] 127.0.0.1 /betterlink/admin.php/User/doLogin
INFO: [ route_check ] --START--
INFO: Run CheckRoute Behavior [ RunTime:0.009049s ]
INFO: [ route_check ] --END-- [ RunTime:0.009353s ]
INFO: [ app_begin ] --START--
INFO: Run ReadHtmlCache Behavior [ RunTime:0.006203s ]
INFO: [ app_begin ] --END-- [ RunTime:0.006385s ]
SQL: SHOW COLUMNS FROM `think_admin` [ RunTime:0.022608s ]
ERR: 1146:Table 'company.think_admin' doesn't exist
 [ SQL语句 ] : SHOW COLUMNS FROM `think_admin`
SQL: SELECT `a_id` FROM `think_admin` WHERE ( `a_name` = 'admin' ) AND ( `a_password` = '123456' ) LIMIT 1   [ RunTime:0.004901s ]
ERR: 1146:Table 'company.think_admin' doesn't exist
 [ SQL语句 ] : SELECT `a_id` FROM `think_admin` WHERE ( `a_name` = 'admin' ) AND ( `a_password` = '123456' ) LIMIT 1  
INFO: [ view_template ] --START--
INFO: Run LocationTemplate Behavior [ RunTime:0.006814s ]
INFO: [ view_template ] --END-- [ RunTime:0.007088s ]
INFO: [ view_parse ] --START--
INFO: Run ParseTemplate Behavior [ RunTime:0.046378s ]
INFO: [ view_parse ] --END-- [ RunTime:0.046565s ]
INFO: [ view_filter ] --START--
INFO: Run ContentReplace Behavior [ RunTime:0.004691s ]
INFO: Run TokenBuild Behavior [ RunTime:0.004485s ]
INFO: Run WriteHtmlCache Behavior [ RunTime:0.004098s ]
INFO: Run ShowRuntime Behavior [ RunTime:0.006725s ]
INFO: [ view_filter ] --END-- [ RunTime:0.020397s ]
INFO: [ view_end ] --START--
INFO: Run ShowPageTrace Behavior [ RunTime:0.005133s ]
INFO: [ view_end ] --END-- [ RunTime:0.005301s ]

[ 2014-02-18T21:24:29+08:00 ] 127.0.0.1 /betterlink/admin.php/User/login
INFO: [ route_check ] --START--
INFO: Run CheckRoute Behavior [ RunTime:0.006292s ]
INFO: [ route_check ] --END-- [ RunTime:0.006500s ]
INFO: [ app_begin ] --START--
INFO: Run ReadHtmlCache Behavior [ RunTime:0.005346s ]
INFO: [ app_begin ] --END-- [ RunTime:0.005522s ]
INFO: [ view_template ] --START--
INFO: Run LocationTemplate Behavior [ RunTime:0.014706s ]
INFO: [ view_template ] --END-- [ RunTime:0.014917s ]
INFO: [ view_parse ] --START--
INFO: Run ParseTemplate Behavior [ RunTime:0.084226s ]
INFO: [ view_parse ] --END-- [ RunTime:0.084429s ]
INFO: [ view_filter ] --START--
INFO: Run ContentReplace Behavior [ RunTime:0.004337s ]
INFO: Run TokenBuild Behavior [ RunTime:0.005293s ]
INFO: Run WriteHtmlCache Behavior [ RunTime:0.009146s ]
INFO: Run ShowRuntime Behavior [ RunTime:0.008718s ]
INFO: [ view_filter ] --END-- [ RunTime:0.028236s ]
INFO: [ view_end ] --START--
INFO: Run ShowPageTrace Behavior [ RunTime:0.008007s ]
INFO: [ view_end ] --END-- [ RunTime:0.008166s ]

[ 2014-02-18T21:24:29+08:00 ] 127.0.0.1 /betterlink/admin.php/Public/verify/
INFO: [ route_check ] --START--
INFO: Run CheckRoute Behavior [ RunTime:0.004214s ]
INFO: [ route_check ] --END-- [ RunTime:0.004404s ]
INFO: [ app_begin ] --START--
INFO: Run ReadHtmlCache Behavior [ RunTime:0.003580s ]
INFO: [ app_begin ] --END-- [ RunTime:0.003739s ]

[ 2014-02-18T21:24:39+08:00 ] 127.0.0.1 /betterlink/admin.php/User/doLogin
INFO: [ route_check ] --START--
INFO: Run CheckRoute Behavior [ RunTime:0.007489s ]
INFO: [ route_check ] --END-- [ RunTime:0.007692s ]
INFO: [ app_begin ] --START--
INFO: Run ReadHtmlCache Behavior [ RunTime:0.005290s ]
INFO: [ app_begin ] --END-- [ RunTime:0.005607s ]
SQL: SHOW COLUMNS FROM `think_admin` [ RunTime:0.025052s ]
ERR: 1146:Table 'company.think_admin' doesn't exist
 [ SQL语句 ] : SHOW COLUMNS FROM `think_admin`
SQL: SELECT `a_id` FROM `think_admin` WHERE ( `a_name` = 'admin' ) LIMIT 1   [ RunTime:0.001807s ]
ERR: 1146:Table 'company.think_admin' doesn't exist
 [ SQL语句 ] : SELECT `a_id` FROM `think_admin` WHERE ( `a_name` = 'admin' ) LIMIT 1  

[ 2014-02-18T21:31:25+08:00 ] 127.0.0.1 /betterlink/admin.php/User/login
INFO: [ route_check ] --START--
INFO: Run CheckRoute Behavior [ RunTime:0.008915s ]
INFO: [ route_check ] --END-- [ RunTime:0.009107s ]
INFO: [ app_begin ] --START--
INFO: Run ReadHtmlCache Behavior [ RunTime:0.005133s ]
INFO: [ app_begin ] --END-- [ RunTime:0.005271s ]
INFO: [ view_template ] --START--
INFO: Run LocationTemplate Behavior [ RunTime:0.012807s ]
INFO: [ view_template ] --END-- [ RunTime:0.012997s ]
INFO: [ view_parse ] --START--
INFO: Run ParseTemplate Behavior [ RunTime:0.065311s ]
INFO: [ view_parse ] --END-- [ RunTime:0.065483s ]
INFO: [ view_filter ] --START--
INFO: Run ContentReplace Behavior [ RunTime:0.008601s ]
INFO: Run TokenBuild Behavior [ RunTime:0.007477s ]
INFO: Run WriteHtmlCache Behavior [ RunTime:0.003633s ]
INFO: Run ShowRuntime Behavior [ RunTime:0.006827s ]
INFO: [ view_filter ] --END-- [ RunTime:0.026964s ]
INFO: [ view_end ] --START--
INFO: Run ShowPageTrace Behavior [ RunTime:0.003667s ]
INFO: [ view_end ] --END-- [ RunTime:0.003788s ]

[ 2014-02-18T21:31:25+08:00 ] 127.0.0.1 /betterlink/admin.php/Public/verify/
INFO: [ route_check ] --START--
INFO: Run CheckRoute Behavior [ RunTime:0.004232s ]
INFO: [ route_check ] --END-- [ RunTime:0.004427s ]
INFO: [ app_begin ] --START--
INFO: Run ReadHtmlCache Behavior [ RunTime:0.003594s ]
INFO: [ app_begin ] --END-- [ RunTime:0.003766s ]

[ 2014-02-18T21:31:35+08:00 ] 127.0.0.1 /betterlink/admin.php/User/doLogin
INFO: [ route_check ] --START--
INFO: Run CheckRoute Behavior [ RunTime:0.020203s ]
INFO: [ route_check ] --END-- [ RunTime:0.020422s ]
INFO: [ app_begin ] --START--
INFO: Run ReadHtmlCache Behavior [ RunTime:0.004292s ]
INFO: [ app_begin ] --END-- [ RunTime:0.004468s ]
INFO: [ view_template ] --START--
INFO: Run LocationTemplate Behavior [ RunTime:0.007885s ]
INFO: [ view_template ] --END-- [ RunTime:0.008152s ]
INFO: [ view_parse ] --START--
INFO: Run ParseTemplate Behavior [ RunTime:0.058714s ]
INFO: [ view_parse ] --END-- [ RunTime:0.058898s ]
INFO: [ view_filter ] --START--
INFO: Run ContentReplace Behavior [ RunTime:0.007709s ]
INFO: Run TokenBuild Behavior [ RunTime:0.005138s ]
INFO: Run WriteHtmlCache Behavior [ RunTime:0.004378s ]
INFO: Run ShowRuntime Behavior [ RunTime:0.005886s ]
INFO: [ view_filter ] --END-- [ RunTime:0.030984s ]
INFO: [ view_end ] --START--
INFO: Run ShowPageTrace Behavior [ RunTime:0.004631s ]
INFO: [ view_end ] --END-- [ RunTime:0.004768s ]

[ 2014-02-18T21:31:48+08:00 ] 127.0.0.1 /betterlink/admin.php/Public/verify/1392730307997
INFO: [ route_check ] --START--
INFO: Run CheckRoute Behavior [ RunTime:0.005153s ]
INFO: [ route_check ] --END-- [ RunTime:0.005341s ]
INFO: [ app_begin ] --START--
INFO: Run ReadHtmlCache Behavior [ RunTime:0.004681s ]
INFO: [ app_begin ] --END-- [ RunTime:0.004834s ]

[ 2014-02-18T21:31:55+08:00 ] 127.0.0.1 /betterlink/admin.php/User/doLogin
INFO: [ route_check ] --START--
INFO: Run CheckRoute Behavior [ RunTime:0.008458s ]
INFO: [ route_check ] --END-- [ RunTime:0.008674s ]
INFO: [ app_begin ] --START--
INFO: Run ReadHtmlCache Behavior [ RunTime:0.003941s ]
INFO: [ app_begin ] --END-- [ RunTime:0.004112s ]
SQL: SHOW COLUMNS FROM `think_admin` [ RunTime:0.025660s ]
ERR: 1146:Table 'company.think_admin' doesn't exist
 [ SQL语句 ] : SHOW COLUMNS FROM `think_admin`
SQL: SELECT `a_id`,`a_name` FROM `think_admin`  [ RunTime:0.008045s ]
ERR: 1146:Table 'company.think_admin' doesn't exist
 [ SQL语句 ] : SELECT `a_id`,`a_name` FROM `think_admin` 

[ 2014-02-18T21:33:35+08:00 ] 127.0.0.1 /betterlink/admin.php/User/login
INFO: [ route_check ] --START--
INFO: Run CheckRoute Behavior [ RunTime:0.012507s ]
INFO: [ route_check ] --END-- [ RunTime:0.012712s ]
INFO: [ app_begin ] --START--
INFO: Run ReadHtmlCache Behavior [ RunTime:0.006334s ]
INFO: [ app_begin ] --END-- [ RunTime:0.006561s ]
INFO: [ view_template ] --START--
INFO: Run LocationTemplate Behavior [ RunTime:0.007480s ]
INFO: [ view_template ] --END-- [ RunTime:0.007664s ]
INFO: [ view_parse ] --START--
INFO: Run ParseTemplate Behavior [ RunTime:0.069708s ]
INFO: [ view_parse ] --END-- [ RunTime:0.072142s ]
INFO: [ view_filter ] --START--
INFO: Run ContentReplace Behavior [ RunTime:0.005530s ]
INFO: Run TokenBuild Behavior [ RunTime:0.003280s ]
INFO: Run WriteHtmlCache Behavior [ RunTime:0.003407s ]
INFO: Run ShowRuntime Behavior [ RunTime:0.003740s ]
INFO: [ view_filter ] --END-- [ RunTime:0.016387s ]
INFO: [ view_end ] --START--
INFO: Run ShowPageTrace Behavior [ RunTime:0.003910s ]
INFO: [ view_end ] --END-- [ RunTime:0.004050s ]

[ 2014-02-18T21:33:35+08:00 ] 127.0.0.1 /betterlink/admin.php/Public/verify/
INFO: [ route_check ] --START--
INFO: Run CheckRoute Behavior [ RunTime:0.004308s ]
INFO: [ route_check ] --END-- [ RunTime:0.004493s ]
INFO: [ app_begin ] --START--
INFO: Run ReadHtmlCache Behavior [ RunTime:0.003480s ]
INFO: [ app_begin ] --END-- [ RunTime:0.003615s ]

[ 2014-02-18T21:33:47+08:00 ] 127.0.0.1 /betterlink/admin.php/User/doLogin
INFO: [ route_check ] --START--
INFO: Run CheckRoute Behavior [ RunTime:0.006410s ]
INFO: [ route_check ] --END-- [ RunTime:0.006785s ]
INFO: [ app_begin ] --START--
INFO: Run ReadHtmlCache Behavior [ RunTime:0.003957s ]
INFO: [ app_begin ] --END-- [ RunTime:0.004121s ]
SQL: SHOW COLUMNS FROM `think_admin` [ RunTime:0.019050s ]
ERR: 1146:Table 'company.think_admin' doesn't exist
 [ SQL语句 ] : SHOW COLUMNS FROM `think_admin`
SQL: SELECT `a_id`,`a_name` FROM `think_admin`  [ RunTime:0.002699s ]
ERR: 1146:Table 'company.think_admin' doesn't exist
 [ SQL语句 ] : SELECT `a_id`,`a_name` FROM `think_admin` 

[ 2014-02-18T21:35:04+08:00 ] 127.0.0.1 /betterlink/admin.php/User/login
INFO: [ route_check ] --START--
INFO: Run CheckRoute Behavior [ RunTime:0.008733s ]
INFO: [ route_check ] --END-- [ RunTime:0.008950s ]
INFO: [ app_begin ] --START--
INFO: Run ReadHtmlCache Behavior [ RunTime:0.004511s ]
INFO: [ app_begin ] --END-- [ RunTime:0.004967s ]
INFO: [ view_template ] --START--
INFO: Run LocationTemplate Behavior [ RunTime:0.009977s ]
INFO: [ view_template ] --END-- [ RunTime:0.010170s ]
INFO: [ view_parse ] --START--
INFO: Run ParseTemplate Behavior [ RunTime:0.051711s ]
INFO: [ view_parse ] --END-- [ RunTime:0.051879s ]
INFO: [ view_filter ] --START--
INFO: Run ContentReplace Behavior [ RunTime:0.003797s ]
INFO: Run TokenBuild Behavior [ RunTime:0.004037s ]
INFO: Run WriteHtmlCache Behavior [ RunTime:0.003945s ]
INFO: Run ShowRuntime Behavior [ RunTime:0.013269s ]
INFO: [ view_filter ] --END-- [ RunTime:0.025535s ]
INFO: [ view_end ] --START--
INFO: Run ShowPageTrace Behavior [ RunTime:0.005737s ]
INFO: [ view_end ] --END-- [ RunTime:0.005914s ]

[ 2014-02-18T21:35:04+08:00 ] 127.0.0.1 /betterlink/admin.php/Public/verify/
INFO: [ route_check ] --START--
INFO: Run CheckRoute Behavior [ RunTime:0.004213s ]
INFO: [ route_check ] --END-- [ RunTime:0.004407s ]
INFO: [ app_begin ] --START--
INFO: Run ReadHtmlCache Behavior [ RunTime:0.003616s ]
INFO: [ app_begin ] --END-- [ RunTime:0.003787s ]

[ 2014-02-18T21:35:09+08:00 ] 127.0.0.1 /betterlink/admin.php/User/doLogin
INFO: [ route_check ] --START--
INFO: Run CheckRoute Behavior [ RunTime:0.005173s ]
INFO: [ route_check ] --END-- [ RunTime:0.005464s ]
INFO: [ app_begin ] --START--
INFO: Run ReadHtmlCache Behavior [ RunTime:0.008163s ]
INFO: [ app_begin ] --END-- [ RunTime:0.008489s ]
SQL: SHOW COLUMNS FROM `think_admin` [ RunTime:0.028979s ]
ERR: 1146:Table 'company.think_admin' doesn't exist
 [ SQL语句 ] : SHOW COLUMNS FROM `think_admin`
SQL: SELECT `a_id` FROM `think_admin` LIMIT 1   [ RunTime:0.002844s ]
ERR: 1146:Table 'company.think_admin' doesn't exist
 [ SQL语句 ] : SELECT `a_id` FROM `think_admin` LIMIT 1  

[ 2014-02-18T21:37:36+08:00 ] 127.0.0.1 /betterlink/admin.php/User/login
INFO: [ route_check ] --START--
INFO: Run CheckRoute Behavior [ RunTime:0.006643s ]
INFO: [ route_check ] --END-- [ RunTime:0.006848s ]
INFO: [ app_begin ] --START--
INFO: Run ReadHtmlCache Behavior [ RunTime:0.004157s ]
INFO: [ app_begin ] --END-- [ RunTime:0.004400s ]
INFO: [ view_template ] --START--
INFO: Run LocationTemplate Behavior [ RunTime:0.009314s ]
INFO: [ view_template ] --END-- [ RunTime:0.009523s ]
INFO: [ view_parse ] --START--
INFO: Run ParseTemplate Behavior [ RunTime:0.057535s ]
INFO: [ view_parse ] --END-- [ RunTime:0.057721s ]
INFO: [ view_filter ] --START--
INFO: Run ContentReplace Behavior [ RunTime:0.003514s ]
INFO: Run TokenBuild Behavior [ RunTime:0.003642s ]
INFO: Run WriteHtmlCache Behavior [ RunTime:0.003259s ]
INFO: Run ShowRuntime Behavior [ RunTime:0.003720s ]
INFO: [ view_filter ] --END-- [ RunTime:0.014561s ]
INFO: [ view_end ] --START--
INFO: Run ShowPageTrace Behavior [ RunTime:0.004177s ]
INFO: [ view_end ] --END-- [ RunTime:0.004329s ]

[ 2014-02-18T21:37:36+08:00 ] 127.0.0.1 /betterlink/admin.php/Public/verify/
INFO: [ route_check ] --START--
INFO: Run CheckRoute Behavior [ RunTime:0.004909s ]
INFO: [ route_check ] --END-- [ RunTime:0.005123s ]
INFO: [ app_begin ] --START--
INFO: Run ReadHtmlCache Behavior [ RunTime:0.004129s ]
INFO: [ app_begin ] --END-- [ RunTime:0.004325s ]

[ 2014-02-18T21:37:42+08:00 ] 127.0.0.1 /betterlink/admin.php/Public/verify/1392730662574
INFO: [ route_check ] --START--
INFO: Run CheckRoute Behavior [ RunTime:0.006351s ]
INFO: [ route_check ] --END-- [ RunTime:0.006539s ]
INFO: [ app_begin ] --START--
INFO: Run ReadHtmlCache Behavior [ RunTime:0.004403s ]
INFO: [ app_begin ] --END-- [ RunTime:0.004557s ]

[ 2014-02-18T21:37:43+08:00 ] 127.0.0.1 /betterlink/admin.php/Public/verify/1392730663443
INFO: [ route_check ] --START--
INFO: Run CheckRoute Behavior [ RunTime:0.004866s ]
INFO: [ route_check ] --END-- [ RunTime:0.005403s ]
INFO: [ app_begin ] --START--
INFO: Run ReadHtmlCache Behavior [ RunTime:0.003855s ]
INFO: [ app_begin ] --END-- [ RunTime:0.004015s ]

[ 2014-02-18T21:37:49+08:00 ] 127.0.0.1 /betterlink/admin.php/User/doLogin
INFO: [ route_check ] --START--
INFO: Run CheckRoute Behavior [ RunTime:0.007469s ]
INFO: [ route_check ] --END-- [ RunTime:0.007654s ]
INFO: [ app_begin ] --START--
INFO: Run ReadHtmlCache Behavior [ RunTime:0.003974s ]
INFO: [ app_begin ] --END-- [ RunTime:0.004118s ]
SQL: SHOW COLUMNS FROM `think_admin` [ RunTime:0.020210s ]
ERR: 1146:Table 'company.think_admin' doesn't exist
 [ SQL语句 ] : SHOW COLUMNS FROM `think_admin`
SQL: SELECT * FROM `think_admin`  [ RunTime:0.001801s ]
ERR: 1146:Table 'company.think_admin' doesn't exist
 [ SQL语句 ] : SELECT * FROM `think_admin` 

[ 2014-02-18T21:43:54+08:00 ] 127.0.0.1 /betterlink/admin.php/User/login
INFO: [ route_check ] --START--
INFO: Run CheckRoute Behavior [ RunTime:0.006098s ]
INFO: [ route_check ] --END-- [ RunTime:0.006300s ]
INFO: [ app_begin ] --START--
INFO: Run ReadHtmlCache Behavior [ RunTime:0.004471s ]
INFO: [ app_begin ] --END-- [ RunTime:0.004647s ]
INFO: [ view_template ] --START--
INFO: Run LocationTemplate Behavior [ RunTime:0.008343s ]
INFO: [ view_template ] --END-- [ RunTime:0.008697s ]
INFO: [ view_parse ] --START--
INFO: Run ParseTemplate Behavior [ RunTime:0.043132s ]
INFO: [ view_parse ] --END-- [ RunTime:0.043319s ]
INFO: [ view_filter ] --START--
INFO: Run ContentReplace Behavior [ RunTime:0.004091s ]
INFO: Run TokenBuild Behavior [ RunTime:0.004078s ]
INFO: Run WriteHtmlCache Behavior [ RunTime:0.003826s ]
INFO: Run ShowRuntime Behavior [ RunTime:0.004274s ]
INFO: [ view_filter ] --END-- [ RunTime:0.016733s ]
INFO: [ view_end ] --START--
INFO: Run ShowPageTrace Behavior [ RunTime:0.004753s ]
INFO: [ view_end ] --END-- [ RunTime:0.004903s ]

[ 2014-02-18T21:43:54+08:00 ] 127.0.0.1 /betterlink/admin.php/Public/verify/
INFO: [ route_check ] --START--
INFO: Run CheckRoute Behavior [ RunTime:0.006774s ]
INFO: [ route_check ] --END-- [ RunTime:0.007028s ]
INFO: [ app_begin ] --START--
INFO: Run ReadHtmlCache Behavior [ RunTime:0.005735s ]
INFO: [ app_begin ] --END-- [ RunTime:0.005979s ]

[ 2014-02-18T21:44:22+08:00 ] 127.0.0.1 /betterlink/admin.php/User/doLogin
INFO: [ route_check ] --START--
INFO: Run CheckRoute Behavior [ RunTime:0.022635s ]
INFO: [ route_check ] --END-- [ RunTime:0.022853s ]
INFO: [ app_begin ] --START--
INFO: Run ReadHtmlCache Behavior [ RunTime:0.003959s ]
INFO: [ app_begin ] --END-- [ RunTime:0.004134s ]
SQL: SHOW COLUMNS FROM `c_admin` [ RunTime:0.025417s ]
SQL: SELECT * FROM `c_admin`  [ RunTime:0.002025s ]

