[ 2014-02-18T20:27:07+08:00 ] 127.0.0.1 /betterlink/
INFO: [ app_begin ] --START--
INFO: Run ReadHtmlCache Behavior [ RunTime:0.006599s ]
INFO: [ app_begin ] --END-- [ RunTime:0.006802s ]
INFO: [ view_parse ] --START--
INFO: Run ParseTemplate Behavior [ RunTime:0.061439s ]
INFO: [ view_parse ] --END-- [ RunTime:0.061647s ]
INFO: [ view_filter ] --START--
INFO: Run ContentReplace Behavior [ RunTime:0.005572s ]
INFO: Run TokenBuild Behavior [ RunTime:0.005816s ]
INFO: Run WriteHtmlCache Behavior [ RunTime:0.005447s ]
INFO: Run ShowRuntime Behavior [ RunTime:0.005996s ]
INFO: [ view_filter ] --END-- [ RunTime:0.023259s ]
INFO: [ view_end ] --START--
INFO: Run ShowPageTrace Behavior [ RunTime:0.008554s ]
INFO: [ view_end ] --END-- [ RunTime:0.008713s ]

[ 2014-02-18T20:51:00+08:00 ] 127.0.0.1 /betterlink/
INFO: [ app_begin ] --START--
INFO: Run ReadHtmlCache Behavior [ RunTime:0.004686s ]
INFO: [ app_begin ] --END-- [ RunTime:0.004858s ]
INFO: [ view_parse ] --START--
INFO: Run ParseTemplate Behavior [ RunTime:0.018025s ]
INFO: [ view_parse ] --END-- [ RunTime:0.018249s ]
INFO: [ view_filter ] --START--
INFO: Run ContentReplace Behavior [ RunTime:0.005237s ]
INFO: Run TokenBuild Behavior [ RunTime:0.007498s ]
INFO: Run WriteHtmlCache Behavior [ RunTime:0.003682s ]
INFO: Run ShowRuntime Behavior [ RunTime:0.004646s ]
INFO: [ view_filter ] --END-- [ RunTime:0.021582s ]
INFO: [ view_end ] --START--
INFO: Run ShowPageTrace Behavior [ RunTime:0.003579s ]
INFO: [ view_end ] --END-- [ RunTime:0.003703s ]

